<?xml version="1.0" encoding="UTF-8"?>
<!-- Generated by org.testng.reporters.JUnitXMLReporter -->
<testsuite hostname="Anandgirish-PC" name="ActitimeTest" tests="4" failures="0" timestamp="3 Sep 2015 18:08:33 GMT" time="50.501" errors="0">
  <testcase name="testAT_Login_Valid" time="8.845" classname="com.Actitime.testcases.AT_Login_Valid"/>
  <testcase name="testAT_Login_Invalid" time="3.588" classname="com.Actitime.testcases.AT_Login_Invalid"/>
  <testcase name="testAT_Customer_Create" time="8.33" classname="com.Actitime.testcases.AT_Customer_Create"/>
  <testcase name="testAT_Customer_Duplicate" time="8.003" classname="com.Actitime.testcases.AT_Customer_Duplicate"/>
</testsuite> <!-- ActitimeTest -->
