<?xml version="1.0" encoding="UTF-8"?>
<!-- Generated by org.testng.reporters.JUnitXMLReporter -->
<testsuite hostname="Girish-PC" name="RegressionSuite" tests="6" failures="0" timestamp="13 Dec 2014 17:30:34 GMT" time="53.443" errors="0">
  <testcase name="testAT_Login_Valid" time="8.695" classname="com.Actitime.testcases.AT_Login_Valid"/>
  <testcase name="testAT_Login_Invalid" time="3.255" classname="com.Actitime.testcases.AT_Login_Invalid"/>
  <testcase name="testAT_Customer_Create" time="6.953" classname="com.Actitime.testcases.AT_Customer_Create"/>
  <testcase name="testAT_Customer_Duplicate" time="6.86" classname="com.Actitime.testcases.AT_Customer_Duplicate"/>
  <testcase name="testAT_Billing_Create" time="5.054" classname="com.Actitime.testcases.AT_Billing_Create"/>
  <testcase name="testAT_Billing_Duplicate" time="4.697" classname="com.Actitime.testcases.AT_Billing_Duplicate"/>
</testsuite> <!-- RegressionSuite -->
