<?xml version="1.0" encoding="UTF-8"?>
<!-- Generated by org.testng.reporters.JUnitXMLReporter -->
<testsuite hostname="Girish-PC" name="IETest" tests="3" failures="0" timestamp="14 Dec 2014 13:49:26 GMT" time="27.363" errors="0">
  <testcase name="testParameterWithXML" time="4.465" classname="com.practice.Guru99CrossBrowserScript"/>
  <testcase name="testAT_Login_Valid" time="8.852" classname="com.Actitime.testcases.AT_Login_Valid"/>
  <testcase name="testAT_Login_Invalid" time="3.495" classname="com.Actitime.testcases.AT_Login_Invalid"/>
</testsuite> <!-- IETest -->
